<?xml version="1.0" encoding="UTF-8"?>
<!-- Generated by org.testng.reporters.JUnitReportReporter -->
<testsuite hostname="DESKTOP-SBTNFQP" failures="0" tests="1" name="com.Booking.qa.TestPages.TestsigninPage" time="7.807" errors="0" timestamp="2023-10-12T11:30:37 IST" skipped="0">
  <testcase classname="com.Booking.qa.TestPages.TestsigninPage" name="testaccount" time="7.807"/>
  <system-out/>
</testsuite> <!-- com.Booking.qa.TestPages.TestsigninPage -->
