<?xml version="1.0" encoding="UTF-8"?>
<!-- Generated by org.testng.reporters.JUnitReportReporter -->
<testsuite hostname="DESKTOP-SBTNFQP" failures="0" tests="3" name="com.Booking.qa.TestPages.HomePageTest" time="24.818" errors="0" timestamp="2023-10-12T11:30:37 IST" skipped="0">
  <testcase classname="com.Booking.qa.TestPages.HomePageTest" name="testTitle" time="5.592"/>
  <system-out/>
  <testcase classname="com.Booking.qa.TestPages.HomePageTest" name="logintest" time="6.375"/>
  <system-out/>
  <testcase classname="com.Booking.qa.TestPages.HomePageTest" name="testdetails" time="12.851"/>
  <system-out/>
</testsuite> <!-- com.Booking.qa.TestPages.HomePageTest -->
