<?xml version="1.0" encoding="UTF-8"?>
<!-- Generated by org.testng.reporters.JUnitReportReporter -->
<testsuite hostname="DESKTOP-SBTNFQP" failures="0" tests="3" name="com.Booking.qa.TestPages.HomePageTest" time="25.893" errors="0" timestamp="2023-10-12T11:33:30 IST" skipped="0">
  <testcase classname="com.Booking.qa.TestPages.HomePageTest" name="testTitle" time="7.058"/>
  <system-out/>
  <testcase classname="com.Booking.qa.TestPages.HomePageTest" name="logintest" time="6.271"/>
  <system-out/>
  <testcase classname="com.Booking.qa.TestPages.HomePageTest" name="testdetails" time="12.564"/>
  <system-out/>
</testsuite> <!-- com.Booking.qa.TestPages.HomePageTest -->
